INFO 2025-08-17 21:02:17,690 autoreload 11 139788082453376 Watching for file changes with StatReloader
INFO 2025-08-17 21:03:24,653 autoreload 11 139788082453376 /app/api/delivery/__init__.py changed, reloading.
INFO 2025-08-17 21:03:27,012 autoreload 13 140137615907712 Watching for file changes with StatReloader
INFO 2025-08-17 21:09:22,889 autoreload 13 140137615907712 /app/api/chat/models.py changed, reloading.
INFO 2025-08-17 21:09:25,146 autoreload 15 140203227908992 Watching for file changes with StatReloader
INFO 2025-08-17 21:18:12,673 autoreload 15 140203227908992 /app/api/pharmacies/models.py changed, reloading.
INFO 2025-08-17 21:18:15,191 autoreload 17 140275794832256 Watching for file changes with StatReloader
INFO 2025-08-17 21:29:00,423 autoreload 17 140275794832256 /app/api/inventory/__init__.py changed, reloading.
INFO 2025-08-17 21:29:02,913 autoreload 19 139760347736960 Watching for file changes with StatReloader
INFO 2025-08-17 22:16:47,309 autoreload 7 139986557373312 Watching for file changes with StatReloader
INFO 2025-08-17 22:23:49,705 autoreload 8 140488318483328 Watching for file changes with StatReloader
WARNING 2025-08-17 22:24:26,350 log 8 140488241833664 Not Found: /
WARNING 2025-08-17 22:24:26,355 basehttp 8 140488241833664 "GET / HTTP/1.1" 404 179
WARNING 2025-08-17 22:24:26,614 log 8 140488241833664 Not Found: /favicon.ico
WARNING 2025-08-17 22:24:26,616 basehttp 8 140488241833664 "GET /favicon.ico HTTP/1.1" 404 179
INFO 2025-08-17 22:24:31,975 basehttp 8 140488241833664 "GET /admin HTTP/1.1" 301 0
INFO 2025-08-17 22:24:32,006 basehttp 8 140488233440960 "GET /admin/ HTTP/1.1" 302 0
INFO 2025-08-17 22:24:32,100 basehttp 8 140488233440960 "GET /admin/login/?next=/admin/ HTTP/1.1" 200 4177
WARNING 2025-08-17 22:24:32,161 log 8 140488233440960 Not Found: /static/admin/css/base.css
WARNING 2025-08-17 22:24:32,163 basehttp 8 140488233440960 "GET /static/admin/css/base.css HTTP/1.1" 404 179
WARNING 2025-08-17 22:24:32,176 log 8 140488241833664 Not Found: /static/admin/css/dark_mode.css
WARNING 2025-08-17 22:24:32,180 log 8 140488223999680 Not Found: /static/admin/css/nav_sidebar.css
WARNING 2025-08-17 22:24:32,187 log 8 140488233440960 Not Found: /static/admin/css/login.css
WARNING 2025-08-17 22:24:32,190 log 8 140488215606976 Not Found: /static/admin/js/theme.js
WARNING 2025-08-17 22:24:32,191 basehttp 8 140488241833664 "GET /static/admin/css/dark_mode.css HTTP/1.1" 404 179
WARNING 2025-08-17 22:24:32,196 basehttp 8 140488223999680 "GET /static/admin/css/nav_sidebar.css HTTP/1.1" 404 179
WARNING 2025-08-17 22:24:32,196 basehttp 8 140488233440960 "GET /static/admin/css/login.css HTTP/1.1" 404 179
WARNING 2025-08-17 22:24:32,198 basehttp 8 140488215606976 "GET /static/admin/js/theme.js HTTP/1.1" 404 179
WARNING 2025-08-17 22:24:32,207 log 8 140488207214272 Not Found: /static/admin/css/responsive.css
WARNING 2025-08-17 22:24:32,208 basehttp 8 140488207214272 "GET /static/admin/css/responsive.css HTTP/1.1" 404 179
WARNING 2025-08-17 22:24:32,233 log 8 140488207214272 Not Found: /static/admin/js/nav_sidebar.js
WARNING 2025-08-17 22:24:32,235 log 8 140488215606976 Not Found: /static/admin/css/nav_sidebar.css
WARNING 2025-08-17 22:24:32,236 log 8 140488223999680 Not Found: /static/admin/css/responsive.css
WARNING 2025-08-17 22:24:32,237 basehttp 8 140488207214272 "GET /static/admin/js/nav_sidebar.js HTTP/1.1" 404 179
WARNING 2025-08-17 22:24:32,239 basehttp 8 140488215606976 "GET /static/admin/css/nav_sidebar.css HTTP/1.1" 404 179
WARNING 2025-08-17 22:24:32,240 basehttp 8 140488223999680 "GET /static/admin/css/responsive.css HTTP/1.1" 404 179
INFO 2025-08-17 22:24:49,597 basehttp 8 140488207214272 "POST /admin/login/?next=/admin/ HTTP/1.1" 200 4353
WARNING 2025-08-17 22:24:49,629 log 8 140488207214272 Not Found: /static/admin/css/base.css
WARNING 2025-08-17 22:24:49,631 log 8 140488233440960 Not Found: /static/admin/css/dark_mode.css
WARNING 2025-08-17 22:24:49,633 log 8 140488223999680 Not Found: /static/admin/js/theme.js
WARNING 2025-08-17 22:24:49,634 log 8 140488215606976 Not Found: /static/admin/css/nav_sidebar.css
WARNING 2025-08-17 22:24:49,635 log 8 140488241833664 Not Found: /static/admin/css/login.css
WARNING 2025-08-17 22:24:49,636 basehttp 8 140488207214272 "GET /static/admin/css/base.css HTTP/1.1" 404 179
WARNING 2025-08-17 22:24:49,637 basehttp 8 140488233440960 "GET /static/admin/css/dark_mode.css HTTP/1.1" 404 179
WARNING 2025-08-17 22:24:49,638 basehttp 8 140488223999680 "GET /static/admin/js/theme.js HTTP/1.1" 404 179
WARNING 2025-08-17 22:24:49,641 log 8 140488198821568 Not Found: /static/admin/css/responsive.css
WARNING 2025-08-17 22:24:49,642 basehttp 8 140488215606976 "GET /static/admin/css/nav_sidebar.css HTTP/1.1" 404 179
WARNING 2025-08-17 22:24:49,643 basehttp 8 140488241833664 "GET /static/admin/css/login.css HTTP/1.1" 404 179
WARNING 2025-08-17 22:24:49,646 basehttp 8 140488198821568 "GET /static/admin/css/responsive.css HTTP/1.1" 404 179
WARNING 2025-08-17 22:24:49,650 log 8 140488198821568 Not Found: /static/admin/js/nav_sidebar.js
WARNING 2025-08-17 22:24:49,651 basehttp 8 140488198821568 "GET /static/admin/js/nav_sidebar.js HTTP/1.1" 404 179
WARNING 2025-08-17 22:24:49,695 log 8 140488207214272 Not Found: /static/admin/css/nav_sidebar.css
WARNING 2025-08-17 22:24:49,697 log 8 140488241833664 Not Found: /static/admin/css/login.css
WARNING 2025-08-17 22:24:49,698 log 8 140488215606976 Not Found: /static/admin/css/responsive.css
WARNING 2025-08-17 22:24:49,699 basehttp 8 140488207214272 "GET /static/admin/css/nav_sidebar.css HTTP/1.1" 404 179
WARNING 2025-08-17 22:24:49,699 basehttp 8 140488241833664 "GET /static/admin/css/login.css HTTP/1.1" 404 179
WARNING 2025-08-17 22:24:49,700 basehttp 8 140488215606976 "GET /static/admin/css/responsive.css HTTP/1.1" 404 179
INFO 2025-08-17 22:25:00,704 basehttp 8 140488207214272 "GET /admin/login/?next=/admin/ HTTP/1.1" 200 4177
WARNING 2025-08-17 22:25:00,754 log 8 140488207214272 Not Found: /static/admin/css/base.css
WARNING 2025-08-17 22:25:00,757 log 8 140488215606976 Not Found: /static/admin/css/dark_mode.css
WARNING 2025-08-17 22:25:00,759 log 8 140488241833664 Not Found: /static/admin/js/theme.js
WARNING 2025-08-17 22:25:00,760 log 8 140488198821568 Not Found: /static/admin/css/nav_sidebar.css
WARNING 2025-08-17 22:25:00,762 log 8 140488223999680 Not Found: /static/admin/css/login.css
WARNING 2025-08-17 22:25:00,764 log 8 140488233440960 Not Found: /static/admin/css/responsive.css
WARNING 2025-08-17 22:25:00,764 basehttp 8 140488207214272 "GET /static/admin/css/base.css HTTP/1.1" 404 179
WARNING 2025-08-17 22:25:00,766 basehttp 8 140488215606976 "GET /static/admin/css/dark_mode.css HTTP/1.1" 404 179
WARNING 2025-08-17 22:25:00,766 basehttp 8 140488241833664 "GET /static/admin/js/theme.js HTTP/1.1" 404 179
WARNING 2025-08-17 22:25:00,769 basehttp 8 140488198821568 "GET /static/admin/css/nav_sidebar.css HTTP/1.1" 404 179
WARNING 2025-08-17 22:25:00,770 basehttp 8 140488223999680 "GET /static/admin/css/login.css HTTP/1.1" 404 179
WARNING 2025-08-17 22:25:00,771 basehttp 8 140488233440960 "GET /static/admin/css/responsive.css HTTP/1.1" 404 179
WARNING 2025-08-17 22:25:00,776 log 8 140488233440960 Not Found: /static/admin/js/nav_sidebar.js
WARNING 2025-08-17 22:25:00,777 basehttp 8 140488233440960 "GET /static/admin/js/nav_sidebar.js HTTP/1.1" 404 179
WARNING 2025-08-17 22:25:21,520 log 8 140488233440960 Not Found: /
WARNING 2025-08-17 22:25:21,521 basehttp 8 140488233440960 "GET / HTTP/1.1" 404 179
INFO 2025-08-17 22:25:38,571 basehttp 8 140488190428864 "GET /admin HTTP/1.1" 301 0
INFO 2025-08-17 22:25:38,601 basehttp 8 140488190428864 "GET /admin/ HTTP/1.1" 302 0
INFO 2025-08-17 22:25:38,612 basehttp 8 140488190428864 "GET /admin/login/?next=/admin/ HTTP/1.1" 200 4177
WARNING 2025-08-17 22:25:38,652 log 8 140488190428864 Not Found: /static/admin/css/base.css
WARNING 2025-08-17 22:25:38,653 basehttp 8 140488190428864 "GET /static/admin/css/base.css HTTP/1.1" 404 179
WARNING 2025-08-17 22:25:38,665 log 8 140487709161152 Not Found: /static/admin/css/dark_mode.css
WARNING 2025-08-17 22:25:38,671 log 8 140487700768448 Not Found: /static/admin/css/nav_sidebar.css
WARNING 2025-08-17 22:25:38,672 basehttp 8 140487709161152 "GET /static/admin/css/dark_mode.css HTTP/1.1" 404 179
WARNING 2025-08-17 22:25:38,675 log 8 140487692375744 Not Found: /static/admin/css/login.css
WARNING 2025-08-17 22:25:38,677 log 8 140487683983040 Not Found: /static/admin/js/theme.js
WARNING 2025-08-17 22:25:38,683 log 8 140487675590336 Not Found: /static/admin/css/responsive.css
WARNING 2025-08-17 22:25:38,685 basehttp 8 140487700768448 "GET /static/admin/css/nav_sidebar.css HTTP/1.1" 404 179
WARNING 2025-08-17 22:25:38,687 basehttp 8 140487692375744 "GET /static/admin/css/login.css HTTP/1.1" 404 179
WARNING 2025-08-17 22:25:38,688 basehttp 8 140487683983040 "GET /static/admin/js/theme.js HTTP/1.1" 404 179
WARNING 2025-08-17 22:25:38,689 basehttp 8 140487675590336 "GET /static/admin/css/responsive.css HTTP/1.1" 404 179
WARNING 2025-08-17 22:25:38,697 log 8 140487675590336 Not Found: /static/admin/js/nav_sidebar.js
WARNING 2025-08-17 22:25:38,698 basehttp 8 140487675590336 "GET /static/admin/js/nav_sidebar.js HTTP/1.1" 404 179
WARNING 2025-08-17 22:25:38,704 log 8 140488190428864 Not Found: /static/admin/css/nav_sidebar.css
WARNING 2025-08-17 22:25:38,706 log 8 140487692375744 Not Found: /static/admin/css/responsive.css
WARNING 2025-08-17 22:25:38,707 log 8 140487683983040 Not Found: /static/admin/css/login.css
WARNING 2025-08-17 22:25:38,708 basehttp 8 140488190428864 "GET /static/admin/css/nav_sidebar.css HTTP/1.1" 404 179
WARNING 2025-08-17 22:25:38,708 basehttp 8 140487692375744 "GET /static/admin/css/responsive.css HTTP/1.1" 404 179
WARNING 2025-08-17 22:25:38,708 basehttp 8 140487683983040 "GET /static/admin/css/login.css HTTP/1.1" 404 179
WARNING 2025-08-17 22:25:38,804 log 8 140487683983040 Not Found: /favicon.ico
WARNING 2025-08-17 22:25:38,805 basehttp 8 140487683983040 "GET /favicon.ico HTTP/1.1" 404 179
INFO 2025-08-17 22:26:15,659 basehttp 8 140487683983040 "GET /admin HTTP/1.1" 301 0
INFO 2025-08-17 22:26:15,673 basehttp 8 140488190428864 "GET /admin/ HTTP/1.1" 302 0
INFO 2025-08-17 22:26:15,690 basehttp 8 140488190428864 "GET /admin/login/?next=/admin/ HTTP/1.1" 200 4177
WARNING 2025-08-17 22:26:15,732 log 8 140488190428864 Not Found: /static/admin/css/base.css
WARNING 2025-08-17 22:26:15,733 basehttp 8 140488190428864 "GET /static/admin/css/base.css HTTP/1.1" 404 179
WARNING 2025-08-17 22:26:15,745 log 8 140487692375744 Not Found: /static/admin/css/dark_mode.css
WARNING 2025-08-17 22:26:15,747 log 8 140487700768448 Not Found: /static/admin/css/nav_sidebar.css
WARNING 2025-08-17 22:26:15,749 log 8 140487675590336 Not Found: /static/admin/js/theme.js
WARNING 2025-08-17 22:26:15,751 log 8 140487709161152 Not Found: /static/admin/css/login.css
WARNING 2025-08-17 22:26:15,753 log 8 140487683983040 Not Found: /static/admin/css/responsive.css
WARNING 2025-08-17 22:26:15,754 basehttp 8 140487692375744 "GET /static/admin/css/dark_mode.css HTTP/1.1" 404 179
WARNING 2025-08-17 22:26:15,755 basehttp 8 140487700768448 "GET /static/admin/css/nav_sidebar.css HTTP/1.1" 404 179
WARNING 2025-08-17 22:26:15,755 basehttp 8 140487675590336 "GET /static/admin/js/theme.js HTTP/1.1" 404 179
WARNING 2025-08-17 22:26:15,756 basehttp 8 140487709161152 "GET /static/admin/css/login.css HTTP/1.1" 404 179
WARNING 2025-08-17 22:26:15,758 basehttp 8 140487683983040 "GET /static/admin/css/responsive.css HTTP/1.1" 404 179
WARNING 2025-08-17 22:26:15,766 log 8 140487683983040 Not Found: /static/admin/js/nav_sidebar.js
WARNING 2025-08-17 22:26:15,767 basehttp 8 140487683983040 "GET /static/admin/js/nav_sidebar.js HTTP/1.1" 404 179
WARNING 2025-08-17 22:26:15,786 log 8 140487709161152 Not Found: /static/admin/css/login.css
WARNING 2025-08-17 22:26:15,787 log 8 140488190428864 Not Found: /static/admin/css/nav_sidebar.css
WARNING 2025-08-17 22:26:15,788 log 8 140487675590336 Not Found: /static/admin/css/responsive.css
WARNING 2025-08-17 22:26:15,788 basehttp 8 140487709161152 "GET /static/admin/css/login.css HTTP/1.1" 404 179
WARNING 2025-08-17 22:26:15,789 basehttp 8 140488190428864 "GET /static/admin/css/nav_sidebar.css HTTP/1.1" 404 179
WARNING 2025-08-17 22:26:15,789 basehttp 8 140487675590336 "GET /static/admin/css/responsive.css HTTP/1.1" 404 179
INFO 2025-08-17 22:26:38,348 basehttp 8 140487675590336 "POST /admin/login/?next=/admin/ HTTP/1.1" 200 4353
WARNING 2025-08-17 22:26:38,370 log 8 140487675590336 Not Found: /static/admin/css/base.css
WARNING 2025-08-17 22:26:38,372 log 8 140488190428864 Not Found: /static/admin/css/dark_mode.css
WARNING 2025-08-17 22:26:38,373 log 8 140487709161152 Not Found: /static/admin/js/theme.js
WARNING 2025-08-17 22:26:38,374 log 8 140487683983040 Not Found: /static/admin/css/nav_sidebar.css
WARNING 2025-08-17 22:26:38,375 log 8 140487700768448 Not Found: /static/admin/css/login.css
WARNING 2025-08-17 22:26:38,376 log 8 140487692375744 Not Found: /static/admin/css/responsive.css
WARNING 2025-08-17 22:26:38,378 basehttp 8 140487675590336 "GET /static/admin/css/base.css HTTP/1.1" 404 179
WARNING 2025-08-17 22:26:38,379 basehttp 8 140488190428864 "GET /static/admin/css/dark_mode.css HTTP/1.1" 404 179
WARNING 2025-08-17 22:26:38,380 basehttp 8 140487709161152 "GET /static/admin/js/theme.js HTTP/1.1" 404 179
WARNING 2025-08-17 22:26:38,382 basehttp 8 140487683983040 "GET /static/admin/css/nav_sidebar.css HTTP/1.1" 404 179
WARNING 2025-08-17 22:26:38,383 basehttp 8 140487700768448 "GET /static/admin/css/login.css HTTP/1.1" 404 179
WARNING 2025-08-17 22:26:38,384 basehttp 8 140487692375744 "GET /static/admin/css/responsive.css HTTP/1.1" 404 179
WARNING 2025-08-17 22:26:38,388 log 8 140487692375744 Not Found: /static/admin/js/nav_sidebar.js
WARNING 2025-08-17 22:26:38,389 basehttp 8 140487692375744 "GET /static/admin/js/nav_sidebar.js HTTP/1.1" 404 179
WARNING 2025-08-17 22:26:38,428 log 8 140487675590336 Not Found: /static/admin/css/nav_sidebar.css
WARNING 2025-08-17 22:26:38,429 log 8 140487683983040 Not Found: /static/admin/css/responsive.css
WARNING 2025-08-17 22:26:38,430 log 8 140487700768448 Not Found: /static/admin/css/login.css
WARNING 2025-08-17 22:26:38,431 basehttp 8 140487675590336 "GET /static/admin/css/nav_sidebar.css HTTP/1.1" 404 179
WARNING 2025-08-17 22:26:38,432 basehttp 8 140487683983040 "GET /static/admin/css/responsive.css HTTP/1.1" 404 179
WARNING 2025-08-17 22:26:38,432 basehttp 8 140487700768448 "GET /static/admin/css/login.css HTTP/1.1" 404 179
INFO 2025-08-17 22:27:53,923 basehttp 8 140488233440960 "GET /admin/ HTTP/1.1" 302 0
INFO 2025-08-17 22:27:53,942 basehttp 8 140488233440960 "GET /admin/login/?next=/admin/ HTTP/1.1" 200 4177
WARNING 2025-08-17 22:27:54,018 log 8 140488233440960 Not Found: /static/admin/css/base.css
WARNING 2025-08-17 22:27:54,019 basehttp 8 140488233440960 "GET /static/admin/css/base.css HTTP/1.1" 404 179
WARNING 2025-08-17 22:27:54,028 log 8 140488223999680 Not Found: /static/admin/css/dark_mode.css
WARNING 2025-08-17 22:27:54,030 log 8 140488198821568 Not Found: /static/admin/js/theme.js
WARNING 2025-08-17 22:27:54,031 log 8 140488215606976 Not Found: /static/admin/css/login.css
WARNING 2025-08-17 22:27:54,032 log 8 140488241833664 Not Found: /static/admin/css/nav_sidebar.css
WARNING 2025-08-17 22:27:54,033 basehttp 8 140488223999680 "GET /static/admin/css/dark_mode.css HTTP/1.1" 404 179
WARNING 2025-08-17 22:27:54,034 basehttp 8 140488198821568 "GET /static/admin/js/theme.js HTTP/1.1" 404 179
WARNING 2025-08-17 22:27:54,037 log 8 140488233440960 Not Found: /static/admin/css/responsive.css
WARNING 2025-08-17 22:27:54,038 basehttp 8 140488215606976 "GET /static/admin/css/login.css HTTP/1.1" 404 179
WARNING 2025-08-17 22:27:54,039 basehttp 8 140488241833664 "GET /static/admin/css/nav_sidebar.css HTTP/1.1" 404 179
WARNING 2025-08-17 22:27:54,043 basehttp 8 140488233440960 "GET /static/admin/css/responsive.css HTTP/1.1" 404 179
WARNING 2025-08-17 22:27:54,077 log 8 140488241833664 Not Found: /static/admin/js/nav_sidebar.js
WARNING 2025-08-17 22:27:54,078 log 8 140488215606976 Not Found: /static/admin/css/nav_sidebar.css
WARNING 2025-08-17 22:27:54,079 log 8 140488198821568 Not Found: /static/admin/css/login.css
WARNING 2025-08-17 22:27:54,080 basehttp 8 140488241833664 "GET /static/admin/js/nav_sidebar.js HTTP/1.1" 404 179
WARNING 2025-08-17 22:27:54,080 basehttp 8 140488215606976 "GET /static/admin/css/nav_sidebar.css HTTP/1.1" 404 179
WARNING 2025-08-17 22:27:54,081 basehttp 8 140488198821568 "GET /static/admin/css/login.css HTTP/1.1" 404 179
INFO 2025-08-17 22:27:57,000 basehttp 8 140487683983040 "GET /admin/ HTTP/1.1" 302 0
INFO 2025-08-17 22:27:57,013 basehttp 8 140487683983040 "GET /admin/login/?next=/admin/ HTTP/1.1" 200 4177
WARNING 2025-08-17 22:27:57,047 log 8 140487683983040 Not Found: /static/admin/css/base.css
WARNING 2025-08-17 22:27:57,049 log 8 140488198821568 Not Found: /static/admin/css/dark_mode.css
WARNING 2025-08-17 22:27:57,052 log 8 140488223999680 Not Found: /static/admin/css/nav_sidebar.css
WARNING 2025-08-17 22:27:57,056 log 8 140488207214272 Not Found: /static/admin/css/login.css
WARNING 2025-08-17 22:27:57,060 log 8 140488241833664 Not Found: /static/admin/css/responsive.css
WARNING 2025-08-17 22:27:57,061 basehttp 8 140487683983040 "GET /static/admin/css/base.css HTTP/1.1" 404 179
WARNING 2025-08-17 22:27:57,062 basehttp 8 140488198821568 "GET /static/admin/css/dark_mode.css HTTP/1.1" 404 179
WARNING 2025-08-17 22:27:57,063 log 8 140488233440960 Not Found: /static/admin/js/theme.js
WARNING 2025-08-17 22:27:57,064 basehttp 8 140488223999680 "GET /static/admin/css/nav_sidebar.css HTTP/1.1" 404 179
WARNING 2025-08-17 22:27:57,065 basehttp 8 140488207214272 "GET /static/admin/css/login.css HTTP/1.1" 404 179
WARNING 2025-08-17 22:27:57,067 basehttp 8 140488241833664 "GET /static/admin/css/responsive.css HTTP/1.1" 404 179
WARNING 2025-08-17 22:27:57,070 basehttp 8 140488233440960 "GET /static/admin/js/theme.js HTTP/1.1" 404 179
WARNING 2025-08-17 22:27:57,075 log 8 140488233440960 Not Found: /static/admin/js/nav_sidebar.js
WARNING 2025-08-17 22:27:57,076 basehttp 8 140488233440960 "GET /static/admin/js/nav_sidebar.js HTTP/1.1" 404 179
WARNING 2025-08-17 22:27:57,101 log 8 140487683983040 Not Found: /static/admin/css/nav_sidebar.css
WARNING 2025-08-17 22:27:57,102 log 8 140488241833664 Not Found: /static/admin/css/login.css
WARNING 2025-08-17 22:27:57,103 log 8 140488207214272 Not Found: /static/admin/css/responsive.css
WARNING 2025-08-17 22:27:57,104 basehttp 8 140487683983040 "GET /static/admin/css/nav_sidebar.css HTTP/1.1" 404 179
WARNING 2025-08-17 22:27:57,105 basehttp 8 140488241833664 "GET /static/admin/css/login.css HTTP/1.1" 404 179
WARNING 2025-08-17 22:27:57,105 basehttp 8 140488207214272 "GET /static/admin/css/responsive.css HTTP/1.1" 404 179
INFO 2025-08-17 22:28:09,722 basehttp 8 140488241833664 "POST /admin/login/?next=/admin/ HTTP/1.1" 200 4353
WARNING 2025-08-17 22:28:09,753 log 8 140488241833664 Not Found: /static/admin/css/base.css
WARNING 2025-08-17 22:28:09,757 log 8 140487683983040 Not Found: /static/admin/css/dark_mode.css
WARNING 2025-08-17 22:28:09,758 log 8 140488233440960 Not Found: /static/admin/js/theme.js
WARNING 2025-08-17 22:28:09,760 log 8 140488223999680 Not Found: /static/admin/css/login.css
WARNING 2025-08-17 22:28:09,761 log 8 140488207214272 Not Found: /static/admin/css/nav_sidebar.css
WARNING 2025-08-17 22:28:09,762 log 8 140488198821568 Not Found: /static/admin/css/responsive.css
WARNING 2025-08-17 22:28:09,763 basehttp 8 140488241833664 "GET /static/admin/css/base.css HTTP/1.1" 404 179
WARNING 2025-08-17 22:28:09,766 basehttp 8 140487683983040 "GET /static/admin/css/dark_mode.css HTTP/1.1" 404 179
WARNING 2025-08-17 22:28:09,766 basehttp 8 140488233440960 "GET /static/admin/js/theme.js HTTP/1.1" 404 179
WARNING 2025-08-17 22:28:09,768 basehttp 8 140488223999680 "GET /static/admin/css/login.css HTTP/1.1" 404 179
WARNING 2025-08-17 22:28:09,770 basehttp 8 140488207214272 "GET /static/admin/css/nav_sidebar.css HTTP/1.1" 404 179
WARNING 2025-08-17 22:28:09,771 basehttp 8 140488198821568 "GET /static/admin/css/responsive.css HTTP/1.1" 404 179
WARNING 2025-08-17 22:28:09,777 log 8 140488198821568 Not Found: /static/admin/js/nav_sidebar.js
WARNING 2025-08-17 22:28:09,778 basehttp 8 140488198821568 "GET /static/admin/js/nav_sidebar.js HTTP/1.1" 404 179
WARNING 2025-08-17 22:28:09,811 log 8 140488241833664 Not Found: /static/admin/css/nav_sidebar.css
WARNING 2025-08-17 22:28:09,813 log 8 140488223999680 Not Found: /static/admin/css/responsive.css
WARNING 2025-08-17 22:28:09,813 log 8 140488207214272 Not Found: /static/admin/css/login.css
WARNING 2025-08-17 22:28:09,814 basehttp 8 140488241833664 "GET /static/admin/css/nav_sidebar.css HTTP/1.1" 404 179
WARNING 2025-08-17 22:28:09,815 basehttp 8 140488223999680 "GET /static/admin/css/responsive.css HTTP/1.1" 404 179
WARNING 2025-08-17 22:28:09,816 basehttp 8 140488207214272 "GET /static/admin/css/login.css HTTP/1.1" 404 179
INFO 2025-08-17 22:30:18,635 basehttp 8 140488198821568 "GET /admin/ HTTP/1.1" 302 0
INFO 2025-08-17 22:30:18,647 basehttp 8 140488198821568 "GET /admin/login/?next=/admin/ HTTP/1.1" 200 4177
WARNING 2025-08-17 22:30:18,759 log 8 140488198821568 Not Found: /static/admin/css/base.css
WARNING 2025-08-17 22:30:18,761 basehttp 8 140488198821568 "GET /static/admin/css/base.css HTTP/1.1" 404 179
WARNING 2025-08-17 22:30:18,768 log 8 140488207214272 Not Found: /static/admin/css/dark_mode.css
WARNING 2025-08-17 22:30:18,770 log 8 140488198821568 Not Found: /static/admin/js/theme.js
WARNING 2025-08-17 22:30:18,773 log 8 140488241833664 Not Found: /static/admin/css/nav_sidebar.css
WARNING 2025-08-17 22:30:18,775 basehttp 8 140488198821568 "GET /static/admin/js/theme.js HTTP/1.1" 404 179
WARNING 2025-08-17 22:30:18,775 basehttp 8 140488207214272 "GET /static/admin/css/dark_mode.css HTTP/1.1" 404 179
WARNING 2025-08-17 22:30:18,776 basehttp 8 140488241833664 "GET /static/admin/css/nav_sidebar.css HTTP/1.1" 404 179
WARNING 2025-08-17 22:30:18,781 log 8 140488223999680 Not Found: /static/admin/css/login.css
WARNING 2025-08-17 22:30:18,784 log 8 140488233440960 Not Found: /static/admin/css/responsive.css
WARNING 2025-08-17 22:30:18,785 basehttp 8 140488223999680 "GET /static/admin/css/login.css HTTP/1.1" 404 179
WARNING 2025-08-17 22:30:18,786 basehttp 8 140488233440960 "GET /static/admin/css/responsive.css HTTP/1.1" 404 179
WARNING 2025-08-17 22:30:18,822 log 8 140488233440960 Not Found: /static/admin/js/nav_sidebar.js
WARNING 2025-08-17 22:30:18,823 basehttp 8 140488233440960 "GET /static/admin/js/nav_sidebar.js HTTP/1.1" 404 179
WARNING 2025-08-17 22:30:18,837 log 8 140488198821568 Not Found: /static/admin/css/nav_sidebar.css
WARNING 2025-08-17 22:30:18,838 log 8 140488223999680 Not Found: /static/admin/css/login.css
WARNING 2025-08-17 22:30:18,839 log 8 140488241833664 Not Found: /static/admin/css/responsive.css
WARNING 2025-08-17 22:30:18,840 basehttp 8 140488198821568 "GET /static/admin/css/nav_sidebar.css HTTP/1.1" 404 179
WARNING 2025-08-17 22:30:18,840 basehttp 8 140488223999680 "GET /static/admin/css/login.css HTTP/1.1" 404 179
WARNING 2025-08-17 22:30:18,841 basehttp 8 140488241833664 "GET /static/admin/css/responsive.css HTTP/1.1" 404 179
INFO 2025-08-17 22:33:44,012 basehttp 8 140488233440960 "GET /admin/login/?next=/admin/ HTTP/1.1" 200 4177
WARNING 2025-08-17 22:33:44,049 log 8 140488233440960 Not Found: /static/admin/css/base.css
WARNING 2025-08-17 22:33:44,051 log 8 140488241833664 Not Found: /static/admin/css/dark_mode.css
WARNING 2025-08-17 22:33:44,053 log 8 140488198821568 Not Found: /static/admin/js/theme.js
WARNING 2025-08-17 22:33:44,057 log 8 140488223999680 Not Found: /static/admin/css/nav_sidebar.css
WARNING 2025-08-17 22:33:44,059 log 8 140488215606976 Not Found: /static/admin/css/login.css
WARNING 2025-08-17 22:33:44,062 log 8 140488207214272 Not Found: /static/admin/css/responsive.css
WARNING 2025-08-17 22:33:44,063 basehttp 8 140488233440960 "GET /static/admin/css/base.css HTTP/1.1" 404 179
WARNING 2025-08-17 22:33:44,064 basehttp 8 140488241833664 "GET /static/admin/css/dark_mode.css HTTP/1.1" 404 179
WARNING 2025-08-17 22:33:44,065 basehttp 8 140488198821568 "GET /static/admin/js/theme.js HTTP/1.1" 404 179
WARNING 2025-08-17 22:33:44,066 basehttp 8 140488223999680 "GET /static/admin/css/nav_sidebar.css HTTP/1.1" 404 179
WARNING 2025-08-17 22:33:44,068 basehttp 8 140488215606976 "GET /static/admin/css/login.css HTTP/1.1" 404 179
WARNING 2025-08-17 22:33:44,069 basehttp 8 140488207214272 "GET /static/admin/css/responsive.css HTTP/1.1" 404 179
WARNING 2025-08-17 22:33:44,091 log 8 140488207214272 Not Found: /static/admin/js/nav_sidebar.js
WARNING 2025-08-17 22:33:44,092 log 8 140488215606976 Not Found: /static/admin/css/nav_sidebar.css
WARNING 2025-08-17 22:33:44,093 log 8 140488223999680 Not Found: /static/admin/css/login.css
WARNING 2025-08-17 22:33:44,094 log 8 140488198821568 Not Found: /static/admin/css/responsive.css
WARNING 2025-08-17 22:33:44,097 basehttp 8 140488207214272 "GET /static/admin/js/nav_sidebar.js HTTP/1.1" 404 179
WARNING 2025-08-17 22:33:44,097 basehttp 8 140488215606976 "GET /static/admin/css/nav_sidebar.css HTTP/1.1" 404 179
WARNING 2025-08-17 22:33:44,098 basehttp 8 140488223999680 "GET /static/admin/css/login.css HTTP/1.1" 404 179
WARNING 2025-08-17 22:33:44,099 basehttp 8 140488198821568 "GET /static/admin/css/responsive.css HTTP/1.1" 404 179
INFO 2025-08-17 22:33:54,480 basehttp 8 140488198821568 "POST /admin/login/?next=/admin/ HTTP/1.1" 302 0
INFO 2025-08-17 22:33:54,554 basehttp 8 140488198821568 "GET /admin/ HTTP/1.1" 200 5548
WARNING 2025-08-17 22:33:54,596 log 8 140488198821568 Not Found: /static/admin/css/base.css
WARNING 2025-08-17 22:33:54,597 basehttp 8 140488198821568 "GET /static/admin/css/base.css HTTP/1.1" 404 179
WARNING 2025-08-17 22:33:54,607 log 8 140488207214272 Not Found: /static/admin/css/dark_mode.css
WARNING 2025-08-17 22:33:54,610 log 8 140488215606976 Not Found: /static/admin/css/dashboard.css
WARNING 2025-08-17 22:33:54,612 log 8 140488223999680 Not Found: /static/admin/css/nav_sidebar.css
WARNING 2025-08-17 22:33:54,614 basehttp 8 140488207214272 "GET /static/admin/css/dark_mode.css HTTP/1.1" 404 179
WARNING 2025-08-17 22:33:54,616 log 8 140488241833664 Not Found: /static/admin/js/theme.js
WARNING 2025-08-17 22:33:54,619 log 8 140488233440960 Not Found: /static/admin/css/responsive.css
WARNING 2025-08-17 22:33:54,619 basehttp 8 140488215606976 "GET /static/admin/css/dashboard.css HTTP/1.1" 404 179
WARNING 2025-08-17 22:33:54,621 basehttp 8 140488223999680 "GET /static/admin/css/nav_sidebar.css HTTP/1.1" 404 179
WARNING 2025-08-17 22:33:54,622 basehttp 8 140488241833664 "GET /static/admin/js/theme.js HTTP/1.1" 404 179
WARNING 2025-08-17 22:33:54,623 basehttp 8 140488233440960 "GET /static/admin/css/responsive.css HTTP/1.1" 404 179
WARNING 2025-08-17 22:33:54,629 log 8 140488233440960 Not Found: /static/admin/js/nav_sidebar.js
WARNING 2025-08-17 22:33:54,629 basehttp 8 140488233440960 "GET /static/admin/js/nav_sidebar.js HTTP/1.1" 404 179
WARNING 2025-08-17 22:33:54,663 log 8 140488198821568 Not Found: /static/admin/css/nav_sidebar.css
WARNING 2025-08-17 22:33:54,664 log 8 140488241833664 Not Found: /static/admin/css/dashboard.css
WARNING 2025-08-17 22:33:54,665 log 8 140488223999680 Not Found: /static/admin/css/responsive.css
WARNING 2025-08-17 22:33:54,666 basehttp 8 140488198821568 "GET /static/admin/css/nav_sidebar.css HTTP/1.1" 404 179
WARNING 2025-08-17 22:33:54,667 basehttp 8 140488241833664 "GET /static/admin/css/dashboard.css HTTP/1.1" 404 179
WARNING 2025-08-17 22:33:54,668 basehttp 8 140488223999680 "GET /static/admin/css/responsive.css HTTP/1.1" 404 179
INFO 2025-08-17 22:34:14,437 basehttp 8 140488198821568 "GET /admin/auth/group/ HTTP/1.1" 200 7353
WARNING 2025-08-17 22:34:14,477 log 8 140488198821568 Not Found: /static/admin/css/base.css
WARNING 2025-08-17 22:34:14,479 basehttp 8 140488198821568 "GET /static/admin/css/base.css HTTP/1.1" 404 179
WARNING 2025-08-17 22:34:14,486 log 8 140488233440960 Not Found: /static/admin/css/dark_mode.css
WARNING 2025-08-17 22:34:14,488 log 8 140488223999680 Not Found: /static/admin/js/theme.js
WARNING 2025-08-17 22:34:14,489 log 8 140488198821568 Not Found: /static/admin/css/nav_sidebar.css
WARNING 2025-08-17 22:34:14,491 log 8 140488241833664 Not Found: /static/admin/css/changelists.css
WARNING 2025-08-17 22:34:14,495 log 8 140488207214272 Not Found: /static/admin/js/vendor/jquery/jquery.min.js
WARNING 2025-08-17 22:34:14,498 basehttp 8 140488233440960 "GET /static/admin/css/dark_mode.css HTTP/1.1" 404 179
WARNING 2025-08-17 22:34:14,499 basehttp 8 140488223999680 "GET /static/admin/js/theme.js HTTP/1.1" 404 179
WARNING 2025-08-17 22:34:14,500 basehttp 8 140488198821568 "GET /static/admin/css/nav_sidebar.css HTTP/1.1" 404 179
WARNING 2025-08-17 22:34:14,502 basehttp 8 140488241833664 "GET /static/admin/css/changelists.css HTTP/1.1" 404 179
WARNING 2025-08-17 22:34:14,503 basehttp 8 140488207214272 "GET /static/admin/js/vendor/jquery/jquery.min.js HTTP/1.1" 404 179
WARNING 2025-08-17 22:34:14,505 log 8 140488233440960 Not Found: /static/admin/css/responsive.css
WARNING 2025-08-17 22:34:14,507 log 8 140488223999680 Not Found: /static/admin/js/jquery.init.js
WARNING 2025-08-17 22:34:14,510 log 8 140488241833664 Not Found: /static/admin/js/core.js
WARNING 2025-08-17 22:34:14,512 log 8 140488207214272 Not Found: /static/admin/js/admin/RelatedObjectLookups.js
WARNING 2025-08-17 22:34:14,515 basehttp 8 140488233440960 "GET /static/admin/css/responsive.css HTTP/1.1" 404 179
WARNING 2025-08-17 22:34:14,516 basehttp 8 140488223999680 "GET /static/admin/js/jquery.init.js HTTP/1.1" 404 179
WARNING 2025-08-17 22:34:14,517 basehttp 8 140488241833664 "GET /static/admin/js/core.js HTTP/1.1" 404 179
WARNING 2025-08-17 22:34:14,517 basehttp 8 140488207214272 "GET /static/admin/js/admin/RelatedObjectLookups.js HTTP/1.1" 404 179
INFO 2025-08-17 22:34:14,532 basehttp 8 140488215606976 "GET /admin/jsi18n/ HTTP/1.1" 200 3342
WARNING 2025-08-17 22:34:14,535 log 8 140488215606976 Not Found: /static/admin/js/actions.js
WARNING 2025-08-17 22:34:14,536 basehttp 8 140488215606976 "GET /static/admin/js/actions.js HTTP/1.1" 404 179
WARNING 2025-08-17 22:34:14,546 log 8 140488198821568 Not Found: /static/admin/js/urlify.js
WARNING 2025-08-17 22:34:14,546 basehttp 8 140488198821568 "GET /static/admin/js/urlify.js HTTP/1.1" 404 179
WARNING 2025-08-17 22:34:14,571 log 8 140488223999680 Not Found: /static/admin/js/prepopulate.js
WARNING 2025-08-17 22:34:14,572 log 8 140488233440960 Not Found: /static/admin/js/vendor/xregexp/xregexp.min.js
WARNING 2025-08-17 22:34:14,574 basehttp 8 140488223999680 "GET /static/admin/js/prepopulate.js HTTP/1.1" 404 179
WARNING 2025-08-17 22:34:14,576 log 8 140488241833664 Not Found: /static/admin/img/search.svg
WARNING 2025-08-17 22:34:14,577 basehttp 8 140488233440960 "GET /static/admin/js/vendor/xregexp/xregexp.min.js HTTP/1.1" 404 179
WARNING 2025-08-17 22:34:14,578 basehttp 8 140488241833664 "GET /static/admin/img/search.svg HTTP/1.1" 404 179
WARNING 2025-08-17 22:34:14,629 log 8 140488223999680 Not Found: /static/admin/js/filters.js
WARNING 2025-08-17 22:34:14,630 log 8 140488241833664 Not Found: /static/admin/js/nav_sidebar.js
WARNING 2025-08-17 22:34:14,633 log 8 140488233440960 Not Found: /static/admin/css/responsive.css
WARNING 2025-08-17 22:34:14,635 basehttp 8 140488223999680 "GET /static/admin/js/filters.js HTTP/1.1" 404 179
WARNING 2025-08-17 22:34:14,636 basehttp 8 140488241833664 "GET /static/admin/js/nav_sidebar.js HTTP/1.1" 404 179
WARNING 2025-08-17 22:34:14,637 basehttp 8 140488233440960 "GET /static/admin/css/responsive.css HTTP/1.1" 404 179
WARNING 2025-08-17 22:36:17,830 log 8 140488223999680 Not Found: /static/admin/css/base.css
WARNING 2025-08-17 22:36:17,833 log 8 140488241833664 Not Found: /static/admin/css/dark_mode.css
WARNING 2025-08-17 22:36:17,836 log 8 140488233440960 Not Found: /static/admin/css/nav_sidebar.css
WARNING 2025-08-17 22:36:17,840 log 8 140488198821568 Not Found: /static/admin/css/changelists.css
WARNING 2025-08-17 22:36:17,841 basehttp 8 140488223999680 "GET /static/admin/css/base.css HTTP/1.1" 404 179
WARNING 2025-08-17 22:36:17,895 basehttp 8 140488241833664 "GET /static/admin/css/dark_mode.css HTTP/1.1" 404 179
WARNING 2025-08-17 22:36:17,899 basehttp 8 140488233440960 "GET /static/admin/css/nav_sidebar.css HTTP/1.1" 404 179
WARNING 2025-08-17 22:36:17,900 basehttp 8 140488198821568 "GET /static/admin/css/changelists.css HTTP/1.1" 404 179
WARNING 2025-08-17 22:36:17,908 log 8 140488215606976 Not Found: /static/admin/css/responsive.css
WARNING 2025-08-17 22:36:17,909 log 8 140488223999680 Not Found: /.well-known/appspecific/com.chrome.devtools.json
WARNING 2025-08-17 22:36:17,913 basehttp 8 140488215606976 "GET /static/admin/css/responsive.css HTTP/1.1" 404 179
WARNING 2025-08-17 22:36:17,913 basehttp 8 140488223999680 "GET /.well-known/appspecific/com.chrome.devtools.json HTTP/1.1" 404 179
INFO 2025-08-17 22:36:24,608 basehttp 8 140488223999680 "GET /admin/auth/group/ HTTP/1.1" 200 7353
WARNING 2025-08-17 22:36:24,644 log 8 140488223999680 Not Found: /.well-known/appspecific/com.chrome.devtools.json
WARNING 2025-08-17 22:36:24,646 log 8 140488215606976 Not Found: /static/admin/css/base.css
WARNING 2025-08-17 22:36:24,648 basehttp 8 140488223999680 "GET /.well-known/appspecific/com.chrome.devtools.json HTTP/1.1" 404 179
WARNING 2025-08-17 22:36:24,649 basehttp 8 140488215606976 "GET /static/admin/css/base.css HTTP/1.1" 404 179
WARNING 2025-08-17 22:36:24,652 log 8 140488198821568 Not Found: /static/admin/css/dark_mode.css
WARNING 2025-08-17 22:36:24,658 log 8 140488223999680 Not Found: /static/admin/js/theme.js
WARNING 2025-08-17 22:36:24,661 log 8 140488207214272 Not Found: /static/admin/css/nav_sidebar.css
INFO 2025-08-17 22:36:24,687 basehttp 8 140488215606976 "GET /admin/jsi18n/ HTTP/1.1" 200 3342
WARNING 2025-08-17 22:36:24,717 log 8 140488241833664 Not Found: /static/admin/css/changelists.css
WARNING 2025-08-17 22:36:24,718 basehttp 8 140488198821568 "GET /static/admin/css/dark_mode.css HTTP/1.1" 404 179
WARNING 2025-08-17 22:36:24,721 basehttp 8 140488223999680 "GET /static/admin/js/theme.js HTTP/1.1" 404 179
WARNING 2025-08-17 22:36:24,729 log 8 140488233440960 Not Found: /static/admin/css/responsive.css
WARNING 2025-08-17 22:36:24,732 log 8 140488215606976 Not Found: /static/admin/js/vendor/jquery/jquery.min.js
WARNING 2025-08-17 22:36:24,732 basehttp 8 140488207214272 "GET /static/admin/css/nav_sidebar.css HTTP/1.1" 404 179
WARNING 2025-08-17 22:36:24,734 basehttp 8 140488241833664 "GET /static/admin/css/changelists.css HTTP/1.1" 404 179
WARNING 2025-08-17 22:36:24,740 log 8 140488198821568 Not Found: /static/admin/js/core.js
WARNING 2025-08-17 22:36:24,744 log 8 140488190428864 Not Found: /static/admin/js/admin/RelatedObjectLookups.js
WARNING 2025-08-17 22:36:24,746 basehttp 8 140488215606976 "GET /static/admin/js/vendor/jquery/jquery.min.js HTTP/1.1" 404 179
WARNING 2025-08-17 22:36:24,747 basehttp 8 140488233440960 "GET /static/admin/css/responsive.css HTTP/1.1" 404 179
WARNING 2025-08-17 22:36:24,750 log 8 140488241833664 Not Found: /static/admin/js/jquery.init.js
WARNING 2025-08-17 22:36:24,752 basehttp 8 140488198821568 "GET /static/admin/js/core.js HTTP/1.1" 404 179
WARNING 2025-08-17 22:36:24,753 basehttp 8 140488190428864 "GET /static/admin/js/admin/RelatedObjectLookups.js HTTP/1.1" 404 179
WARNING 2025-08-17 22:36:24,758 log 8 140488233440960 Not Found: /static/admin/js/actions.js
WARNING 2025-08-17 22:36:24,759 basehttp 8 140488241833664 "GET /static/admin/js/jquery.init.js HTTP/1.1" 404 179
WARNING 2025-08-17 22:36:24,761 log 8 140488190428864 Not Found: /static/admin/js/urlify.js
WARNING 2025-08-17 22:36:24,762 basehttp 8 140488233440960 "GET /static/admin/js/actions.js HTTP/1.1" 404 179
WARNING 2025-08-17 22:36:24,763 basehttp 8 140488190428864 "GET /static/admin/js/urlify.js HTTP/1.1" 404 179
WARNING 2025-08-17 22:36:24,765 log 8 140488223999680 Not Found: /static/admin/js/prepopulate.js
WARNING 2025-08-17 22:36:24,767 basehttp 8 140488223999680 "GET /static/admin/js/prepopulate.js HTTP/1.1" 404 179
WARNING 2025-08-17 22:36:24,795 log 8 140488215606976 Not Found: /static/admin/css/nav_sidebar.css
WARNING 2025-08-17 22:36:24,795 basehttp 8 140488215606976 "GET /static/admin/css/nav_sidebar.css HTTP/1.1" 404 179
WARNING 2025-08-17 22:36:24,818 log 8 140488233440960 Not Found: /static/admin/css/changelists.css
WARNING 2025-08-17 22:36:24,820 log 8 140488223999680 Not Found: /static/admin/js/vendor/xregexp/xregexp.min.js
WARNING 2025-08-17 22:36:24,822 log 8 140488198821568 Not Found: /static/admin/img/search.svg
WARNING 2025-08-17 22:36:24,824 basehttp 8 140488233440960 "GET /static/admin/css/changelists.css HTTP/1.1" 404 179
WARNING 2025-08-17 22:36:24,825 basehttp 8 140488223999680 "GET /static/admin/js/vendor/xregexp/xregexp.min.js HTTP/1.1" 404 179
WARNING 2025-08-17 22:36:24,826 basehttp 8 140488198821568 "GET /static/admin/img/search.svg HTTP/1.1" 404 179
WARNING 2025-08-17 22:36:24,892 log 8 140488223999680 Not Found: /static/admin/js/nav_sidebar.js
WARNING 2025-08-17 22:36:24,893 basehttp 8 140488223999680 "GET /static/admin/js/nav_sidebar.js HTTP/1.1" 404 179
WARNING 2025-08-17 22:36:24,895 log 8 140488233440960 Not Found: /static/admin/js/filters.js
WARNING 2025-08-17 22:36:24,897 log 8 140488198821568 Not Found: /static/admin/css/responsive.css
WARNING 2025-08-17 22:36:24,898 basehttp 8 140488233440960 "GET /static/admin/js/filters.js HTTP/1.1" 404 179
WARNING 2025-08-17 22:36:24,899 basehttp 8 140488198821568 "GET /static/admin/css/responsive.css HTTP/1.1" 404 179
INFO 2025-08-17 22:37:44,434 autoreload 8 140488318483328 /app/pharmago/settings.py changed, reloading.
INFO 2025-08-17 22:37:47,334 autoreload 88 139956929854336 Watching for file changes with StatReloader
WARNING 2025-08-17 22:40:45,566 log 88 139956852876992 Not Found: /
WARNING 2025-08-17 22:40:45,567 basehttp 88 139956852876992 "GET / HTTP/1.1" 404 179
INFO 2025-08-17 22:40:48,292 basehttp 88 139956852876992 "GET /api/ping HTTP/1.1" 301 0
INFO 2025-08-17 22:40:48,299 basehttp 88 139956844484288 "GET /api/ping/ HTTP/1.1" 200 19
INFO 2025-08-17 22:41:12,869 autoreload 88 139956929854336 /app/pharmago/urls.py changed, reloading.
INFO 2025-08-17 22:41:15,981 autoreload 93 140206869248896 Watching for file changes with StatReloader
INFO 2025-08-17 22:41:25,344 autoreload 93 140206869248896 /app/pharmago/urls.py changed, reloading.
INFO 2025-08-17 22:41:28,328 autoreload 95 140146989927296 Watching for file changes with StatReloader
INFO 2025-08-17 22:41:43,241 autoreload 20132 15236 Watching for file changes with StatReloader
INFO 2025-08-17 22:43:07,823 autoreload 15428 20324 Watching for file changes with StatReloader
INFO 2025-08-17 22:44:31,805 basehttp 95 140146913568448 "GET /admin/auth/group/ HTTP/1.1" 200 7353
WARNING 2025-08-17 22:44:31,832 log 95 140146913568448 Not Found: /.well-known/appspecific/com.chrome.devtools.json
WARNING 2025-08-17 22:44:31,833 basehttp 95 140146913568448 "GET /.well-known/appspecific/com.chrome.devtools.json HTTP/1.1" 404 179
WARNING 2025-08-17 22:44:31,843 log 95 140146905175744 Not Found: /static/admin/css/base.css
WARNING 2025-08-17 22:44:31,846 basehttp 95 140146905175744 "GET /static/admin/css/base.css HTTP/1.1" 404 179
WARNING 2025-08-17 22:44:31,850 log 95 140146895734464 Not Found: /static/admin/css/dark_mode.css
WARNING 2025-08-17 22:44:31,852 log 95 140146887341760 Not Found: /static/admin/css/nav_sidebar.css
WARNING 2025-08-17 22:44:31,855 log 95 140146905175744 Not Found: /static/admin/css/responsive.css
WARNING 2025-08-17 22:44:31,857 log 95 140146878949056 Not Found: /static/admin/css/changelists.css
WARNING 2025-08-17 22:44:31,860 log 95 140146527696576 Not Found: /static/admin/js/theme.js
WARNING 2025-08-17 22:44:31,862 basehttp 95 140146895734464 "GET /static/admin/css/dark_mode.css HTTP/1.1" 404 179
WARNING 2025-08-17 22:44:31,863 basehttp 95 140146905175744 "GET /static/admin/css/responsive.css HTTP/1.1" 404 179
WARNING 2025-08-17 22:44:31,864 basehttp 95 140146887341760 "GET /static/admin/css/nav_sidebar.css HTTP/1.1" 404 179
WARNING 2025-08-17 22:44:31,865 basehttp 95 140146878949056 "GET /static/admin/css/changelists.css HTTP/1.1" 404 179
WARNING 2025-08-17 22:44:31,866 basehttp 95 140146527696576 "GET /static/admin/js/theme.js HTTP/1.1" 404 179
WARNING 2025-08-17 22:44:31,872 log 95 140146887341760 Not Found: /static/admin/js/vendor/jquery/jquery.min.js
WARNING 2025-08-17 22:44:31,874 log 95 140146878949056 Not Found: /static/admin/js/jquery.init.js
WARNING 2025-08-17 22:44:31,877 log 95 140146527696576 Not Found: /static/admin/js/core.js
WARNING 2025-08-17 22:44:31,878 basehttp 95 140146887341760 "GET /static/admin/js/vendor/jquery/jquery.min.js HTTP/1.1" 404 179
WARNING 2025-08-17 22:44:31,879 basehttp 95 140146878949056 "GET /static/admin/js/jquery.init.js HTTP/1.1" 404 179
WARNING 2025-08-17 22:44:31,880 basehttp 95 140146527696576 "GET /static/admin/js/core.js HTTP/1.1" 404 179
WARNING 2025-08-17 22:44:31,882 log 95 140146913568448 Not Found: /static/admin/js/admin/RelatedObjectLookups.js
WARNING 2025-08-17 22:44:31,886 basehttp 95 140146913568448 "GET /static/admin/js/admin/RelatedObjectLookups.js HTTP/1.1" 404 179
INFO 2025-08-17 22:44:31,896 basehttp 95 140146895734464 "GET /admin/jsi18n/ HTTP/1.1" 200 3342
WARNING 2025-08-17 22:44:31,902 log 95 140146895734464 Not Found: /static/admin/js/actions.js
WARNING 2025-08-17 22:44:31,904 basehttp 95 140146895734464 "GET /static/admin/js/actions.js HTTP/1.1" 404 179
WARNING 2025-08-17 22:44:31,923 log 95 140146905175744 Not Found: /static/admin/js/urlify.js
WARNING 2025-08-17 22:44:31,926 log 95 140146887341760 Not Found: /static/admin/js/prepopulate.js
WARNING 2025-08-17 22:44:31,927 basehttp 95 140146905175744 "GET /static/admin/js/urlify.js HTTP/1.1" 404 179
WARNING 2025-08-17 22:44:31,928 basehttp 95 140146887341760 "GET /static/admin/js/prepopulate.js HTTP/1.1" 404 179
WARNING 2025-08-17 22:44:31,933 log 95 140146527696576 Not Found: /static/admin/css/nav_sidebar.css
WARNING 2025-08-17 22:44:31,935 log 95 140146913568448 Not Found: /static/admin/css/changelists.css
WARNING 2025-08-17 22:44:31,936 log 95 140146878949056 Not Found: /static/admin/js/vendor/xregexp/xregexp.min.js
WARNING 2025-08-17 22:44:31,937 basehttp 95 140146527696576 "GET /static/admin/css/nav_sidebar.css HTTP/1.1" 404 179
WARNING 2025-08-17 22:44:31,938 basehttp 95 140146913568448 "GET /static/admin/css/changelists.css HTTP/1.1" 404 179
WARNING 2025-08-17 22:44:31,938 basehttp 95 140146878949056 "GET /static/admin/js/vendor/xregexp/xregexp.min.js HTTP/1.1" 404 179
WARNING 2025-08-17 22:44:31,953 log 95 140146895734464 Not Found: /static/admin/img/search.svg
WARNING 2025-08-17 22:44:31,954 basehttp 95 140146895734464 "GET /static/admin/img/search.svg HTTP/1.1" 404 179
WARNING 2025-08-17 22:44:31,988 log 95 140146913568448 Not Found: /static/admin/js/nav_sidebar.js
WARNING 2025-08-17 22:44:31,990 log 95 140146527696576 Not Found: /static/admin/css/responsive.css
WARNING 2025-08-17 22:44:31,994 log 95 140146878949056 Not Found: /static/admin/js/filters.js
WARNING 2025-08-17 22:44:31,994 basehttp 95 140146913568448 "GET /static/admin/js/nav_sidebar.js HTTP/1.1" 404 179
WARNING 2025-08-17 22:44:32,016 basehttp 95 140146527696576 "GET /static/admin/css/responsive.css HTTP/1.1" 404 179
WARNING 2025-08-17 22:44:32,016 basehttp 95 140146878949056 "GET /static/admin/js/filters.js HTTP/1.1" 404 179
INFO 2025-08-17 22:44:32,702 basehttp 95 140146878949056 "GET /admin/auth/group/ HTTP/1.1" 200 7353
WARNING 2025-08-17 22:44:32,732 log 95 140146878949056 Not Found: /.well-known/appspecific/com.chrome.devtools.json
WARNING 2025-08-17 22:44:32,733 basehttp 95 140146878949056 "GET /.well-known/appspecific/com.chrome.devtools.json HTTP/1.1" 404 179
WARNING 2025-08-17 22:44:32,739 log 95 140146527696576 Not Found: /static/admin/css/base.css
WARNING 2025-08-17 22:44:32,742 log 95 140146913568448 Not Found: /static/admin/css/dark_mode.css
WARNING 2025-08-17 22:44:32,743 log 95 140146895734464 Not Found: /static/admin/js/theme.js
WARNING 2025-08-17 22:44:32,745 log 95 140146887341760 Not Found: /static/admin/css/nav_sidebar.css
WARNING 2025-08-17 22:44:32,747 log 95 140146905175744 Not Found: /static/admin/css/changelists.css
WARNING 2025-08-17 22:44:32,749 basehttp 95 140146527696576 "GET /static/admin/css/base.css HTTP/1.1" 404 179
WARNING 2025-08-17 22:44:32,750 basehttp 95 140146913568448 "GET /static/admin/css/dark_mode.css HTTP/1.1" 404 179
WARNING 2025-08-17 22:44:32,751 basehttp 95 140146895734464 "GET /static/admin/js/theme.js HTTP/1.1" 404 179
WARNING 2025-08-17 22:44:32,753 basehttp 95 140146887341760 "GET /static/admin/css/nav_sidebar.css HTTP/1.1" 404 179
WARNING 2025-08-17 22:44:32,755 basehttp 95 140146905175744 "GET /static/admin/css/changelists.css HTTP/1.1" 404 179
WARNING 2025-08-17 22:44:32,757 log 95 140146527696576 Not Found: /static/admin/css/responsive.css
WARNING 2025-08-17 22:44:32,764 log 95 140146895734464 Not Found: /static/admin/js/vendor/jquery/jquery.min.js
WARNING 2025-08-17 22:44:32,767 log 95 140146887341760 Not Found: /static/admin/js/jquery.init.js
WARNING 2025-08-17 22:44:32,769 log 95 140146905175744 Not Found: /static/admin/js/core.js
WARNING 2025-08-17 22:44:32,770 basehttp 95 140146527696576 "GET /static/admin/css/responsive.css HTTP/1.1" 404 179
WARNING 2025-08-17 22:44:32,771 basehttp 95 140146895734464 "GET /static/admin/js/vendor/jquery/jquery.min.js HTTP/1.1" 404 179
WARNING 2025-08-17 22:44:32,772 basehttp 95 140146887341760 "GET /static/admin/js/jquery.init.js HTTP/1.1" 404 179
WARNING 2025-08-17 22:44:32,772 basehttp 95 140146905175744 "GET /static/admin/js/core.js HTTP/1.1" 404 179
WARNING 2025-08-17 22:44:32,783 log 95 140146878949056 Not Found: /static/admin/js/admin/RelatedObjectLookups.js
WARNING 2025-08-17 22:44:32,787 basehttp 95 140146878949056 "GET /static/admin/js/admin/RelatedObjectLookups.js HTTP/1.1" 404 179
INFO 2025-08-17 22:44:32,788 basehttp 95 140146913568448 "GET /admin/jsi18n/ HTTP/1.1" 200 3342
WARNING 2025-08-17 22:44:32,793 log 95 140146913568448 Not Found: /static/admin/js/actions.js
WARNING 2025-08-17 22:44:32,793 basehttp 95 140146913568448 "GET /static/admin/js/actions.js HTTP/1.1" 404 179
WARNING 2025-08-17 22:44:32,823 log 95 140146887341760 Not Found: /static/admin/css/nav_sidebar.css
WARNING 2025-08-17 22:44:32,827 log 95 140146895734464 Not Found: /static/admin/css/changelists.css
WARNING 2025-08-17 22:44:32,831 log 95 140146905175744 Not Found: /static/admin/js/urlify.js
WARNING 2025-08-17 22:44:32,833 log 95 140146527696576 Not Found: /static/admin/js/prepopulate.js
WARNING 2025-08-17 22:44:32,835 log 95 140146878949056 Not Found: /static/admin/js/vendor/xregexp/xregexp.min.js
WARNING 2025-08-17 22:44:32,836 basehttp 95 140146895734464 "GET /static/admin/css/changelists.css HTTP/1.1" 404 179
WARNING 2025-08-17 22:44:32,836 basehttp 95 140146887341760 "GET /static/admin/css/nav_sidebar.css HTTP/1.1" 404 179
WARNING 2025-08-17 22:44:32,838 basehttp 95 140146905175744 "GET /static/admin/js/urlify.js HTTP/1.1" 404 179
WARNING 2025-08-17 22:44:32,838 basehttp 95 140146527696576 "GET /static/admin/js/prepopulate.js HTTP/1.1" 404 179
WARNING 2025-08-17 22:44:32,839 basehttp 95 140146878949056 "GET /static/admin/js/vendor/xregexp/xregexp.min.js HTTP/1.1" 404 179
WARNING 2025-08-17 22:44:32,845 log 95 140146913568448 Not Found: /static/admin/img/search.svg
WARNING 2025-08-17 22:44:32,847 basehttp 95 140146913568448 "GET /static/admin/img/search.svg HTTP/1.1" 404 179
WARNING 2025-08-17 22:44:32,898 log 95 140146878949056 Not Found: /static/admin/js/nav_sidebar.js
WARNING 2025-08-17 22:44:32,899 log 95 140146913568448 Not Found: /static/admin/js/filters.js
WARNING 2025-08-17 22:44:32,900 log 95 140146895734464 Not Found: /static/admin/css/responsive.css
WARNING 2025-08-17 22:44:32,901 basehttp 95 140146878949056 "GET /static/admin/js/nav_sidebar.js HTTP/1.1" 404 179
WARNING 2025-08-17 22:44:32,902 basehttp 95 140146913568448 "GET /static/admin/js/filters.js HTTP/1.1" 404 179
WARNING 2025-08-17 22:44:32,902 basehttp 95 140146895734464 "GET /static/admin/css/responsive.css HTTP/1.1" 404 179
INFO 2025-08-17 22:44:35,470 basehttp 95 140146878949056 "GET /admin/auth/group/ HTTP/1.1" 200 7353
WARNING 2025-08-17 22:44:35,493 log 95 140146878949056 Not Found: /.well-known/appspecific/com.chrome.devtools.json
WARNING 2025-08-17 22:44:35,494 basehttp 95 140146878949056 "GET /.well-known/appspecific/com.chrome.devtools.json HTTP/1.1" 404 179
WARNING 2025-08-17 22:44:35,500 log 95 140146913568448 Not Found: /static/admin/css/base.css
WARNING 2025-08-17 22:44:35,502 log 95 140146905175744 Not Found: /static/admin/js/theme.js
WARNING 2025-08-17 22:44:35,504 log 95 140146895734464 Not Found: /static/admin/css/dark_mode.css
WARNING 2025-08-17 22:44:35,505 basehttp 95 140146913568448 "GET /static/admin/css/base.css HTTP/1.1" 404 179
WARNING 2025-08-17 22:44:35,506 basehttp 95 140146905175744 "GET /static/admin/js/theme.js HTTP/1.1" 404 179
WARNING 2025-08-17 22:44:35,506 basehttp 95 140146895734464 "GET /static/admin/css/dark_mode.css HTTP/1.1" 404 179
WARNING 2025-08-17 22:44:35,514 log 95 140146905175744 Not Found: /static/admin/css/nav_sidebar.css
WARNING 2025-08-17 22:44:35,515 log 95 140146913568448 Not Found: /static/admin/css/changelists.css
WARNING 2025-08-17 22:44:35,519 log 95 140146887341760 Not Found: /static/admin/js/vendor/jquery/jquery.min.js
WARNING 2025-08-17 22:44:35,520 log 95 140146895734464 Not Found: /static/admin/css/responsive.css
WARNING 2025-08-17 22:44:35,522 basehttp 95 140146905175744 "GET /static/admin/css/nav_sidebar.css HTTP/1.1" 404 179
WARNING 2025-08-17 22:44:35,523 basehttp 95 140146913568448 "GET /static/admin/css/changelists.css HTTP/1.1" 404 179
WARNING 2025-08-17 22:44:35,525 basehttp 95 140146887341760 "GET /static/admin/js/vendor/jquery/jquery.min.js HTTP/1.1" 404 179
WARNING 2025-08-17 22:44:35,525 basehttp 95 140146895734464 "GET /static/admin/css/responsive.css HTTP/1.1" 404 179
WARNING 2025-08-17 22:44:35,529 log 95 140146887341760 Not Found: /static/admin/js/jquery.init.js
WARNING 2025-08-17 22:44:35,530 basehttp 95 140146887341760 "GET /static/admin/js/jquery.init.js HTTP/1.1" 404 179
INFO 2025-08-17 22:44:35,542 basehttp 95 140146527696576 "GET /admin/jsi18n/ HTTP/1.1" 200 3342
WARNING 2025-08-17 22:44:35,546 log 95 140146527696576 Not Found: /static/admin/js/core.js
WARNING 2025-08-17 22:44:35,547 basehttp 95 140146527696576 "GET /static/admin/js/core.js HTTP/1.1" 404 179
WARNING 2025-08-17 22:44:35,551 log 95 140146878949056 Not Found: /static/admin/js/admin/RelatedObjectLookups.js
WARNING 2025-08-17 22:44:35,552 basehttp 95 140146878949056 "GET /static/admin/js/admin/RelatedObjectLookups.js HTTP/1.1" 404 179
WARNING 2025-08-17 22:44:35,575 log 95 140146905175744 Not Found: /static/admin/js/actions.js
WARNING 2025-08-17 22:44:35,577 log 95 140146895734464 Not Found: /static/admin/js/urlify.js
WARNING 2025-08-17 22:44:35,580 log 95 140146913568448 Not Found: /static/admin/js/prepopulate.js
WARNING 2025-08-17 22:44:35,580 basehttp 95 140146905175744 "GET /static/admin/js/actions.js HTTP/1.1" 404 179
WARNING 2025-08-17 22:44:35,582 log 95 140146887341760 Not Found: /static/admin/js/vendor/xregexp/xregexp.min.js
WARNING 2025-08-17 22:44:35,583 basehttp 95 140146895734464 "GET /static/admin/js/urlify.js HTTP/1.1" 404 179
WARNING 2025-08-17 22:44:35,583 basehttp 95 140146913568448 "GET /static/admin/js/prepopulate.js HTTP/1.1" 404 179
WARNING 2025-08-17 22:44:35,584 basehttp 95 140146887341760 "GET /static/admin/js/vendor/xregexp/xregexp.min.js HTTP/1.1" 404 179
WARNING 2025-08-17 22:44:35,596 log 95 140146527696576 Not Found: /static/admin/img/search.svg
WARNING 2025-08-17 22:44:35,597 basehttp 95 140146527696576 "GET /static/admin/img/search.svg HTTP/1.1" 404 179
WARNING 2025-08-17 22:44:35,639 log 95 140146895734464 Not Found: /static/admin/js/nav_sidebar.js
WARNING 2025-08-17 22:44:35,640 log 95 140146913568448 Not Found: /static/admin/css/responsive.css
WARNING 2025-08-17 22:44:35,643 log 95 140146887341760 Not Found: /static/admin/js/filters.js
WARNING 2025-08-17 22:44:35,644 basehttp 95 140146895734464 "GET /static/admin/js/nav_sidebar.js HTTP/1.1" 404 179
WARNING 2025-08-17 22:44:35,645 basehttp 95 140146913568448 "GET /static/admin/css/responsive.css HTTP/1.1" 404 179
WARNING 2025-08-17 22:44:35,646 basehttp 95 140146887341760 "GET /static/admin/js/filters.js HTTP/1.1" 404 179
WARNING 2025-08-17 22:44:52,157 log 95 140146519303872 Not Found: /
WARNING 2025-08-17 22:44:52,158 basehttp 95 140146519303872 "GET / HTTP/1.1" 404 179
INFO 2025-08-17 22:44:54,401 basehttp 95 140146519303872 "GET /admin/ HTTP/1.1" 302 0
INFO 2025-08-17 22:44:54,446 basehttp 95 140146519303872 "GET /admin/login/?next=/admin/ HTTP/1.1" 200 4177
WARNING 2025-08-17 22:44:54,476 log 95 140146519303872 Not Found: /static/admin/css/base.css
WARNING 2025-08-17 22:44:54,477 basehttp 95 140146519303872 "GET /static/admin/css/base.css HTTP/1.1" 404 179
WARNING 2025-08-17 22:44:54,480 log 95 140146510911168 Not Found: /static/admin/css/dark_mode.css
WARNING 2025-08-17 22:44:54,483 log 95 140146502518464 Not Found: /static/admin/css/nav_sidebar.css
WARNING 2025-08-17 22:44:54,486 log 95 140146494125760 Not Found: /static/admin/css/login.css
WARNING 2025-08-17 22:44:54,488 basehttp 95 140146510911168 "GET /static/admin/css/dark_mode.css HTTP/1.1" 404 179
WARNING 2025-08-17 22:44:54,490 basehttp 95 140146502518464 "GET /static/admin/css/nav_sidebar.css HTTP/1.1" 404 179
WARNING 2025-08-17 22:44:54,490 basehttp 95 140146494125760 "GET /static/admin/css/login.css HTTP/1.1" 404 179
WARNING 2025-08-17 22:44:54,496 log 95 140146485733056 Not Found: /static/admin/css/responsive.css
WARNING 2025-08-17 22:44:54,498 log 95 140146477340352 Not Found: /static/admin/js/theme.js
WARNING 2025-08-17 22:44:54,499 basehttp 95 140146485733056 "GET /static/admin/css/responsive.css HTTP/1.1" 404 179
WARNING 2025-08-17 22:44:54,499 basehttp 95 140146477340352 "GET /static/admin/js/theme.js HTTP/1.1" 404 179
WARNING 2025-08-17 22:44:54,504 log 95 140146477340352 Not Found: /static/admin/js/nav_sidebar.js
WARNING 2025-08-17 22:44:54,505 basehttp 95 140146477340352 "GET /static/admin/js/nav_sidebar.js HTTP/1.1" 404 179
WARNING 2025-08-17 22:44:54,521 log 95 140146485733056 Not Found: /static/admin/css/login.css
WARNING 2025-08-17 22:44:54,523 log 95 140146519303872 Not Found: /static/admin/css/nav_sidebar.css
WARNING 2025-08-17 22:44:54,523 log 95 140146494125760 Not Found: /static/admin/css/responsive.css
WARNING 2025-08-17 22:44:54,524 basehttp 95 140146485733056 "GET /static/admin/css/login.css HTTP/1.1" 404 179
WARNING 2025-08-17 22:44:54,525 basehttp 95 140146519303872 "GET /static/admin/css/nav_sidebar.css HTTP/1.1" 404 179
WARNING 2025-08-17 22:44:54,525 basehttp 95 140146494125760 "GET /static/admin/css/responsive.css HTTP/1.1" 404 179
INFO 2025-08-17 22:49:42,755 autoreload 95 140146989927296 /app/pharmago/urls.py changed, reloading.
INFO 2025-08-17 22:49:45,227 autoreload 110 140018089941888 Watching for file changes with StatReloader
INFO 2025-08-17 22:50:01,971 autoreload 110 140018089941888 /app/pharmago/settings.py changed, reloading.
INFO 2025-08-17 22:50:04,109 autoreload 112 139693344234368 Watching for file changes with StatReloader
INFO 2025-08-17 22:50:11,073 autoreload 112 139693344234368 /app/pharmago/settings.py changed, reloading.
INFO 2025-08-17 22:50:12,941 autoreload 114 139911708650368 Watching for file changes with StatReloader
INFO 2025-08-17 22:50:15,190 autoreload 114 139911708650368 /app/pharmago/settings.py changed, reloading.
INFO 2025-08-17 22:50:17,612 autoreload 116 139651089324928 Watching for file changes with StatReloader
INFO 2025-08-17 23:07:48,855 autoreload 116 139651089324928 /app/api/inventory/models.py changed, reloading.
INFO 2025-08-17 23:07:52,068 autoreload 124 140098992950144 Watching for file changes with StatReloader
INFO 2025-08-18 20:13:29,499 autoreload 7 139749974506368 Watching for file changes with StatReloader
INFO 2025-08-18 20:24:53,108 autoreload 7 139749974506368 /app/api/inventory/models.py changed, reloading.
INFO 2025-08-18 20:24:55,374 autoreload 9 140474467281792 Watching for file changes with StatReloader
INFO 2025-08-18 20:25:00,302 autoreload 9 140474467281792 /app/api/inventory/models.py changed, reloading.
INFO 2025-08-18 20:25:02,588 autoreload 11 140126758701952 Watching for file changes with StatReloader
INFO 2025-08-18 20:25:08,697 autoreload 11 140126758701952 /app/api/inventory/models.py changed, reloading.
INFO 2025-08-18 20:25:10,882 autoreload 13 140454049033088 Watching for file changes with StatReloader
INFO 2025-08-18 20:25:53,674 autoreload 13 140454049033088 /app/api/inventory/models.py changed, reloading.
INFO 2025-08-18 20:25:55,849 autoreload 15 140532272839552 Watching for file changes with StatReloader
INFO 2025-08-18 20:27:33,815 autoreload 15 140532272839552 /app/api/inventory/models.py changed, reloading.
INFO 2025-08-18 20:27:35,821 autoreload 17 140645834959744 Watching for file changes with StatReloader
INFO 2025-08-18 23:07:16,705 autoreload 17 140645834959744 /app/api/users/models.py changed, reloading.
INFO 2025-08-18 23:07:20,288 autoreload 19 140522305186688 Watching for file changes with StatReloader
INFO 2025-08-18 23:07:45,258 autoreload 19 140522305186688 /app/api/users/models.py changed, reloading.
INFO 2025-08-18 23:07:47,584 autoreload 21 140163419282304 Watching for file changes with StatReloader
INFO 2025-08-18 23:10:14,805 autoreload 21 140163419282304 /app/api/users/models.py changed, reloading.
INFO 2025-08-18 23:10:16,587 autoreload 23 139897809193856 Watching for file changes with StatReloader
INFO 2025-08-18 23:12:21,809 autoreload 23 139897809193856 /app/api/users/models.py changed, reloading.
INFO 2025-08-18 23:12:23,914 autoreload 25 140325910018944 Watching for file changes with StatReloader
INFO 2025-08-18 23:15:13,563 autoreload 25 140325910018944 /app/api/users/models.py changed, reloading.
INFO 2025-08-18 23:15:15,305 autoreload 27 139837722434432 Watching for file changes with StatReloader
INFO 2025-08-18 23:18:08,526 autoreload 27 139837722434432 /app/api/users/models.py changed, reloading.
INFO 2025-08-18 23:18:11,275 autoreload 29 140326518553472 Watching for file changes with StatReloader
INFO 2025-08-18 23:36:09,486 autoreload 29 140326518553472 /app/api/pharmacies/models.py changed, reloading.
INFO 2025-08-18 23:36:12,069 autoreload 147 140176517921664 Watching for file changes with StatReloader
INFO 2025-08-18 23:36:42,324 autoreload 147 140176517921664 /app/api/pharmacies/models.py changed, reloading.
INFO 2025-08-18 23:36:45,008 autoreload 149 140654076775296 Watching for file changes with StatReloader
INFO 2025-08-18 23:38:49,715 autoreload 149 140654076775296 /app/api/inventory/models.py changed, reloading.
INFO 2025-08-18 23:38:52,064 autoreload 170 140504278199168 Watching for file changes with StatReloader
INFO 2025-08-18 23:39:16,396 autoreload 170 140504278199168 /app/api/inventory/models.py changed, reloading.
INFO 2025-08-18 23:39:18,623 autoreload 172 139723075701632 Watching for file changes with StatReloader
INFO 2025-08-18 23:39:24,070 autoreload 172 139723075701632 /app/api/inventory/models.py changed, reloading.
INFO 2025-08-18 23:39:26,085 autoreload 174 140437384870784 Watching for file changes with StatReloader
INFO 2025-08-18 23:40:14,656 autoreload 174 140437384870784 /app/api/pharmacies/models.py changed, reloading.
INFO 2025-08-18 23:40:16,651 autoreload 194 140510138129280 Watching for file changes with StatReloader
INFO 2025-08-18 23:41:54,614 autoreload 194 140510138129280 /app/api/users/models.py changed, reloading.
INFO 2025-08-18 23:41:56,813 autoreload 214 140425606531968 Watching for file changes with StatReloader
INFO 2025-08-18 23:42:02,752 autoreload 214 140425606531968 /app/api/users/models.py changed, reloading.
INFO 2025-08-18 23:42:04,605 autoreload 216 140304600353664 Watching for file changes with StatReloader
INFO 2025-08-18 23:42:12,646 autoreload 216 140304600353664 /app/api/users/models.py changed, reloading.
INFO 2025-08-18 23:42:14,507 autoreload 218 139640680196992 Watching for file changes with StatReloader
INFO 2025-08-18 23:42:21,790 autoreload 218 139640680196992 /app/api/users/models.py changed, reloading.
INFO 2025-08-18 23:42:23,960 autoreload 220 139660684266368 Watching for file changes with StatReloader
INFO 2025-08-18 23:52:00,026 autoreload 13 139793830943616 Watching for file changes with StatReloader
INFO 2025-08-18 23:54:23,618 autoreload 13 139793830943616 /app/api/delivery/migrations/0003_deliveryzone_remove_riderassignment_rider_and_more.py changed, reloading.
INFO 2025-08-18 23:54:27,455 autoreload 64 139621855374208 Watching for file changes with StatReloader
INFO 2025-08-18 23:57:28,485 autoreload 7 140652333681536 Watching for file changes with StatReloader
INFO 2025-08-18 23:58:11,607 autoreload 7 140018148244352 Watching for file changes with StatReloader
INFO 2025-08-19 00:02:36,831 autoreload 13 140516416736128 Watching for file changes with StatReloader
INFO 2025-08-19 00:05:48,252 autoreload 13 140658441337728 Watching for file changes with StatReloader
INFO 2025-08-19 00:08:36,831 autoreload 13 139659976780672 Watching for file changes with StatReloader
INFO 2025-08-19 00:14:29,387 autoreload 13 140027988056960 Watching for file changes with StatReloader
INFO 2025-08-19 00:17:08,126 autoreload 13 140179191430016 Watching for file changes with StatReloader
